2025-09-24 00:38:47 upload.php - uploadDir: C:\Users\migue\Documents\proyectos_react\blog_react_php_copia\blog_react_php-main\api\admin/../../uploads/
2025-09-24 00:38:47 upload.php - FILES: {"image":{"name":"playa.jpg","full_path":"playa.jpg","type":"image\/jpeg","tmp_name":"C:\\xampp\\tmp\\phpCC0B.tmp","error":0,"size":765337}}
2025-09-24 00:38:47 upload.php - fileName: playa.jpg, fileSize: 765337, fileType: image/jpeg, fileTmpName: C:\xampp\tmp\phpCC0B.tmp
2025-09-24 00:38:47 upload.php - newFileName: img_68d321772e88b6.52337525.jpg, uploadPath: C:\Users\migue\Documents\proyectos_react\blog_react_php_copia\blog_react_php-main\api\admin/../../uploads/img_68d321772e88b6.52337525.jpg
2025-09-24 00:38:47 upload.php - content length: 765337
2025-09-24 00:38:47 upload.php - Archivo guardado exitosamente, imageUrl: /uploads/img_68d321772e88b6.52337525.jpg
2025-09-24 00:40:36 upload.php - uploadDir: C:\Users\migue\Documents\proyectos_react\blog_react_php_copia\blog_react_php-main\api\admin/../../uploads/
2025-09-24 00:40:36 upload.php - FILES: {"image":{"name":"fer_para_veo_2_prompt.jpg","full_path":"fer_para_veo_2_prompt.jpg","type":"image\/jpeg","tmp_name":"C:\\xampp\\tmp\\php7586.tmp","error":0,"size":489396}}
2025-09-24 00:40:36 upload.php - fileName: fer_para_veo_2_prompt.jpg, fileSize: 489396, fileType: image/jpeg, fileTmpName: C:\xampp\tmp\php7586.tmp
2025-09-24 00:40:36 upload.php - newFileName: img_68d321e41b7eb6.49793748.jpg, uploadPath: C:\Users\migue\Documents\proyectos_react\blog_react_php_copia\blog_react_php-main\api\admin/../../uploads/img_68d321e41b7eb6.49793748.jpg
2025-09-24 00:40:36 upload.php - content length: 489396
2025-09-24 00:40:36 upload.php - Archivo guardado exitosamente, imageUrl: /uploads/img_68d321e41b7eb6.49793748.jpg
2025-09-24 00:41:31 upload.php - uploadDir: C:\Users\migue\Documents\proyectos_react\blog_react_php_copia\blog_react_php-main\api\admin/../../uploads/
2025-09-24 00:41:31 upload.php - FILES: {"image":{"name":"silueta_ana_2.png","full_path":"silueta_ana_2.png","type":"image\/png","tmp_name":"C:\\xampp\\tmp\\php4ED0.tmp","error":0,"size":6601}}
2025-09-24 00:41:31 upload.php - fileName: silueta_ana_2.png, fileSize: 6601, fileType: image/png, fileTmpName: C:\xampp\tmp\php4ED0.tmp
2025-09-24 00:41:31 upload.php - newFileName: img_68d3221bb1b704.97455308.png, uploadPath: C:\Users\migue\Documents\proyectos_react\blog_react_php_copia\blog_react_php-main\api\admin/../../uploads/img_68d3221bb1b704.97455308.png
2025-09-24 00:41:31 upload.php - content length: 6601
2025-09-24 00:41:31 upload.php - Archivo guardado exitosamente, imageUrl: /uploads/img_68d3221bb1b704.97455308.png
2025-09-24 00:48:50 upload.php - uploadDir: C:\Users\migue\Documents\proyectos_react\blog_react_php_copia\blog_react_php-main\api\admin/../../uploads/
2025-09-24 00:48:50 upload.php - FILES: {"image":{"name":"escala.png","full_path":"escala.png","type":"image\/png","tmp_name":"C:\\xampp\\tmp\\php252.tmp","error":0,"size":3284078}}
2025-09-24 00:48:50 upload.php - fileName: escala.png, fileSize: 3284078, fileType: image/png, fileTmpName: C:\xampp\tmp\php252.tmp
2025-09-24 00:48:50 upload.php - newFileName: img_68d323d2e41b97.53348753.png, uploadPath: C:\Users\migue\Documents\proyectos_react\blog_react_php_copia\blog_react_php-main\api\admin/../../uploads/img_68d323d2e41b97.53348753.png
2025-09-24 00:48:50 upload.php - content length: 3284078
2025-09-24 00:48:50 upload.php - Archivo guardado exitosamente, imageUrl: /uploads/img_68d323d2e41b97.53348753.png
2025-09-24 10:46:58 upload.php - uploadDir: C:\Users\migue\Documents\proyectos_react\blog_react_php_copia\blog_react_php-main\api\admin/../../uploads/
2025-09-24 10:46:58 upload.php - FILES: {"image":{"name":"logo_chicago_editado.png","full_path":"logo_chicago_editado.png","type":"image\/png","tmp_name":"C:\\xampp\\tmp\\php9DE8.tmp","error":0,"size":594290}}
2025-09-24 10:46:58 upload.php - fileName: logo_chicago_editado.png, fileSize: 594290, fileType: image/png, fileTmpName: C:\xampp\tmp\php9DE8.tmp
2025-09-24 10:46:58 upload.php - newFileName: img_68d3b0024f8850.58714970.png, uploadPath: C:\Users\migue\Documents\proyectos_react\blog_react_php_copia\blog_react_php-main\api\admin/../../uploads/img_68d3b0024f8850.58714970.png
2025-09-24 10:46:58 upload.php - content length: 594290
2025-09-24 10:46:58 upload.php - Archivo guardado exitosamente, imageUrl: /uploads/img_68d3b0024f8850.58714970.png
2025-09-24 10:47:27 upload.php - uploadDir: C:\Users\migue\Documents\proyectos_react\blog_react_php_copia\blog_react_php-main\api\admin/../../uploads/
2025-09-24 10:47:27 upload.php - FILES: {"image":{"name":"Captura de pantalla 2024-03-21 002719.png","full_path":"Captura de pantalla 2024-03-21 002719.png","type":"image\/png","tmp_name":"C:\\xampp\\tmp\\php10B8.tmp","error":0,"size":2287974}}
2025-09-24 10:47:27 upload.php - fileName: Captura de pantalla 2024-03-21 002719.png, fileSize: 2287974, fileType: image/png, fileTmpName: C:\xampp\tmp\php10B8.tmp
2025-09-24 10:47:27 upload.php - newFileName: img_68d3b01fb38ce6.12178040.png, uploadPath: C:\Users\migue\Documents\proyectos_react\blog_react_php_copia\blog_react_php-main\api\admin/../../uploads/img_68d3b01fb38ce6.12178040.png
2025-09-24 10:47:27 upload.php - content length: 2287974
2025-09-24 10:47:27 upload.php - Archivo guardado exitosamente, imageUrl: /uploads/img_68d3b01fb38ce6.12178040.png
2025-09-24 10:47:42 upload.php - uploadDir: C:\Users\migue\Documents\proyectos_react\blog_react_php_copia\blog_react_php-main\api\admin/../../uploads/
2025-09-24 10:47:42 upload.php - FILES: {"image":{"name":"factura_auriculares_jbl.png","full_path":"factura_auriculares_jbl.png","type":"image\/png","tmp_name":"C:\\xampp\\tmp\\php49DA.tmp","error":0,"size":223825}}
2025-09-24 10:47:42 upload.php - fileName: factura_auriculares_jbl.png, fileSize: 223825, fileType: image/png, fileTmpName: C:\xampp\tmp\php49DA.tmp
2025-09-24 10:47:42 upload.php - newFileName: img_68d3b02e52eb44.64522768.png, uploadPath: C:\Users\migue\Documents\proyectos_react\blog_react_php_copia\blog_react_php-main\api\admin/../../uploads/img_68d3b02e52eb44.64522768.png
2025-09-24 10:47:42 upload.php - content length: 223825
2025-09-24 10:47:42 upload.php - Archivo guardado exitosamente, imageUrl: /uploads/img_68d3b02e52eb44.64522768.png
2025-09-24 10:50:17 upload.php - uploadDir: C:\Users\migue\Documents\proyectos_react\blog_react_php_copia\blog_react_php-main\api\admin/../../uploads/
2025-09-24 10:50:17 upload.php - FILES: {"image":{"name":"letras_prueba.png","full_path":"letras_prueba.png","type":"image\/png","tmp_name":"C:\\xampp\\tmp\\phpA743.tmp","error":0,"size":37304}}
2025-09-24 10:50:17 upload.php - fileName: letras_prueba.png, fileSize: 37304, fileType: image/png, fileTmpName: C:\xampp\tmp\phpA743.tmp
2025-09-24 10:50:17 upload.php - newFileName: img_68d3b0c94fc099.45330437.png, uploadPath: C:\Users\migue\Documents\proyectos_react\blog_react_php_copia\blog_react_php-main\api\admin/../../uploads/img_68d3b0c94fc099.45330437.png
2025-09-24 10:50:17 upload.php - content length: 37304
2025-09-24 10:50:17 upload.php - Archivo guardado exitosamente, imageUrl: /uploads/img_68d3b0c94fc099.45330437.png
2025-09-24 10:50:32 upload.php - uploadDir: C:\Users\migue\Documents\proyectos_react\blog_react_php_copia\blog_react_php-main\api\admin/../../uploads/
2025-09-24 10:50:32 upload.php - FILES: {"image":{"name":"Antonio_molina_fernando.png","full_path":"Antonio_molina_fernando.png","type":"image\/png","tmp_name":"C:\\xampp\\tmp\\phpE19D.tmp","error":0,"size":244020}}
2025-09-24 10:50:32 upload.php - fileName: Antonio_molina_fernando.png, fileSize: 244020, fileType: image/png, fileTmpName: C:\xampp\tmp\phpE19D.tmp
2025-09-24 10:50:32 upload.php - newFileName: img_68d3b0d840bb55.01345663.png, uploadPath: C:\Users\migue\Documents\proyectos_react\blog_react_php_copia\blog_react_php-main\api\admin/../../uploads/img_68d3b0d840bb55.01345663.png
2025-09-24 10:50:32 upload.php - content length: 244020
2025-09-24 10:50:32 upload.php - Archivo guardado exitosamente, imageUrl: /uploads/img_68d3b0d840bb55.01345663.png
2025-09-24 10:53:45 upload.php - uploadDir: C:\Users\migue\Documents\proyectos_react\blog_react_php_copia\blog_react_php-main\api\admin/../../uploads/
2025-09-24 10:53:45 upload.php - FILES: {"image":{"name":"Imagen de WhatsApp 2023-03-12 a las 20.29.59.jpg","full_path":"Imagen de WhatsApp 2023-03-12 a las 20.29.59.jpg","type":"image\/jpeg","tmp_name":"C:\\xampp\\tmp\\phpD5C9.tmp","error":0,"size":147225}}
2025-09-24 10:53:45 upload.php - fileName: Imagen de WhatsApp 2023-03-12 a las 20.29.59.jpg, fileSize: 147225, fileType: image/jpeg, fileTmpName: C:\xampp\tmp\phpD5C9.tmp
2025-09-24 10:53:45 upload.php - newFileName: img_68d3b199cde4c0.29493870.jpg, uploadPath: C:\Users\migue\Documents\proyectos_react\blog_react_php_copia\blog_react_php-main\api\admin/../../uploads/img_68d3b199cde4c0.29493870.jpg
2025-09-24 10:53:45 upload.php - content length: 147225
2025-09-24 10:53:45 upload.php - Archivo guardado exitosamente, imageUrl: /uploads/img_68d3b199cde4c0.29493870.jpg
2025-09-24 10:54:01 upload.php - uploadDir: C:\Users\migue\Documents\proyectos_react\blog_react_php_copia\blog_react_php-main\api\admin/../../uploads/
2025-09-24 10:54:01 upload.php - FILES: {"image":{"name":"consulata_.jpg","full_path":"consulata_.jpg","type":"image\/jpeg","tmp_name":"C:\\xampp\\tmp\\php1321.tmp","error":0,"size":651336}}
2025-09-24 10:54:01 upload.php - fileName: consulata_.jpg, fileSize: 651336, fileType: image/jpeg, fileTmpName: C:\xampp\tmp\php1321.tmp
2025-09-24 10:54:01 upload.php - newFileName: img_68d3b1a985dae4.30934931.jpg, uploadPath: C:\Users\migue\Documents\proyectos_react\blog_react_php_copia\blog_react_php-main\api\admin/../../uploads/img_68d3b1a985dae4.30934931.jpg
2025-09-24 10:54:01 upload.php - content length: 651336
2025-09-24 10:54:01 upload.php - Archivo guardado exitosamente, imageUrl: /uploads/img_68d3b1a985dae4.30934931.jpg
2025-09-24 10:56:29 upload.php - uploadDir: C:\Users\migue\Documents\proyectos_react\blog_react_php_copia\blog_react_php-main\api\admin/../../uploads/
2025-09-24 10:56:29 upload.php - FILES: {"image":{"name":"fer_nieve.jpg","full_path":"fer_nieve.jpg","type":"image\/jpeg","tmp_name":"C:\\xampp\\tmp\\php54A5.tmp","error":0,"size":136665}}
2025-09-24 10:56:29 upload.php - fileName: fer_nieve.jpg, fileSize: 136665, fileType: image/jpeg, fileTmpName: C:\xampp\tmp\php54A5.tmp
2025-09-24 10:56:29 upload.php - newFileName: img_68d3b23d5f6f46.76880558.jpg, uploadPath: C:\Users\migue\Documents\proyectos_react\blog_react_php_copia\blog_react_php-main\api\admin/../../uploads/img_68d3b23d5f6f46.76880558.jpg
2025-09-24 10:56:29 upload.php - content length: 136665
2025-09-24 10:56:29 upload.php - Archivo guardado exitosamente, imageUrl: /uploads/img_68d3b23d5f6f46.76880558.jpg
2025-09-24 10:56:49 upload.php - uploadDir: C:\Users\migue\Documents\proyectos_react\blog_react_php_copia\blog_react_php-main\api\admin/../../uploads/
2025-09-24 10:56:49 upload.php - FILES: {"image":{"name":"fer_nieve.jpg","full_path":"fer_nieve.jpg","type":"image\/jpeg","tmp_name":"C:\\xampp\\tmp\\phpA20B.tmp","error":0,"size":136665}}
2025-09-24 10:56:49 upload.php - fileName: fer_nieve.jpg, fileSize: 136665, fileType: image/jpeg, fileTmpName: C:\xampp\tmp\phpA20B.tmp
2025-09-24 10:56:49 upload.php - newFileName: img_68d3b2512edc88.43059122.jpg, uploadPath: C:\Users\migue\Documents\proyectos_react\blog_react_php_copia\blog_react_php-main\api\admin/../../uploads/img_68d3b2512edc88.43059122.jpg
2025-09-24 10:56:49 upload.php - content length: 136665
2025-09-24 10:56:49 upload.php - Archivo guardado exitosamente, imageUrl: /uploads/img_68d3b2512edc88.43059122.jpg
2025-09-24 11:04:13 upload.php - uploadDir: C:\Users\migue\Documents\proyectos_react\blog_react_php_copia\blog_react_php-main\api\admin/../../uploads/
2025-09-24 11:04:13 upload.php - FILES: {"image":{"name":"factura_auriculares_jbl.png","full_path":"factura_auriculares_jbl.png","type":"image\/png","tmp_name":"C:\\xampp\\tmp\\php6B70.tmp","error":0,"size":223825}}
2025-09-24 11:04:13 upload.php - fileName: factura_auriculares_jbl.png, fileSize: 223825, fileType: image/png, fileTmpName: C:\xampp\tmp\php6B70.tmp
2025-09-24 11:04:13 upload.php - newFileName: img_68d3b40dedc301.44603122.png, uploadPath: C:\Users\migue\Documents\proyectos_react\blog_react_php_copia\blog_react_php-main\api\admin/../../uploads/img_68d3b40dedc301.44603122.png
2025-09-24 11:04:13 upload.php - content length: 223825
2025-09-24 11:04:13 upload.php - Archivo guardado exitosamente, imageUrl: /api/uploads/img_68d3b40dedc301.44603122.png
2025-09-24 11:04:29 upload.php - uploadDir: C:\Users\migue\Documents\proyectos_react\blog_react_php_copia\blog_react_php-main\api\admin/../../uploads/
2025-09-24 11:04:29 upload.php - FILES: {"image":{"name":"fer_para_veo_2_prompt.jpg","full_path":"fer_para_veo_2_prompt.jpg","type":"image\/jpeg","tmp_name":"C:\\xampp\\tmp\\phpA974.tmp","error":0,"size":489396}}
2025-09-24 11:04:29 upload.php - fileName: fer_para_veo_2_prompt.jpg, fileSize: 489396, fileType: image/jpeg, fileTmpName: C:\xampp\tmp\phpA974.tmp
2025-09-24 11:04:29 upload.php - newFileName: img_68d3b41dd1e2d4.94832705.jpg, uploadPath: C:\Users\migue\Documents\proyectos_react\blog_react_php_copia\blog_react_php-main\api\admin/../../uploads/img_68d3b41dd1e2d4.94832705.jpg
2025-09-24 11:04:29 upload.php - content length: 489396
2025-09-24 11:04:29 upload.php - Archivo guardado exitosamente, imageUrl: /api/uploads/img_68d3b41dd1e2d4.94832705.jpg
2025-09-24 11:07:28 upload.php - uploadDir: C:\Users\migue\Documents\proyectos_react\blog_react_php_copia\blog_react_php-main\api\admin/../uploads/
2025-09-24 11:07:28 upload.php - FILES: {"image":{"name":"fer_nieve.jpg","full_path":"fer_nieve.jpg","type":"image\/jpeg","tmp_name":"C:\\xampp\\tmp\\php6190.tmp","error":0,"size":136665}}
2025-09-24 11:07:28 upload.php - fileName: fer_nieve.jpg, fileSize: 136665, fileType: image/jpeg, fileTmpName: C:\xampp\tmp\php6190.tmp
2025-09-24 11:07:28 upload.php - newFileName: img_68d3b4d00d5505.41059258.jpg, uploadPath: C:\Users\migue\Documents\proyectos_react\blog_react_php_copia\blog_react_php-main\api\admin/../uploads/img_68d3b4d00d5505.41059258.jpg
2025-09-24 11:07:28 upload.php - content length: 136665
2025-09-24 11:07:28 upload.php - Archivo guardado exitosamente, imageUrl: /uploads/img_68d3b4d00d5505.41059258.jpg
2025-09-24 11:07:46 upload.php - uploadDir: C:\Users\migue\Documents\proyectos_react\blog_react_php_copia\blog_react_php-main\api\admin/../uploads/
2025-09-24 11:07:46 upload.php - FILES: {"image":{"name":"auriculares_rotos_jbl_2024.jpg","full_path":"auriculares_rotos_jbl_2024.jpg","type":"image\/jpeg","tmp_name":"C:\\xampp\\tmp\\phpA9D5.tmp","error":0,"size":1358246}}
2025-09-24 11:07:46 upload.php - fileName: auriculares_rotos_jbl_2024.jpg, fileSize: 1358246, fileType: image/jpeg, fileTmpName: C:\xampp\tmp\phpA9D5.tmp
2025-09-24 11:07:46 upload.php - newFileName: img_68d3b4e2900938.31000746.jpg, uploadPath: C:\Users\migue\Documents\proyectos_react\blog_react_php_copia\blog_react_php-main\api\admin/../uploads/img_68d3b4e2900938.31000746.jpg
2025-09-24 11:07:46 upload.php - content length: 1358246
2025-09-24 11:07:46 upload.php - Archivo guardado exitosamente, imageUrl: /uploads/img_68d3b4e2900938.31000746.jpg
2025-09-24 11:08:03 upload.php - uploadDir: C:\Users\migue\Documents\proyectos_react\blog_react_php_copia\blog_react_php-main\api\admin/../uploads/
2025-09-24 11:08:03 upload.php - FILES: {"image":{"name":"consulata_ copia.jpg","full_path":"consulata_ copia.jpg","type":"image\/jpeg","tmp_name":"C:\\xampp\\tmp\\phpEB92.tmp","error":0,"size":1382023}}
2025-09-24 11:08:03 upload.php - fileName: consulata_ copia.jpg, fileSize: 1382023, fileType: image/jpeg, fileTmpName: C:\xampp\tmp\phpEB92.tmp
2025-09-24 11:08:03 upload.php - newFileName: img_68d3b4f36093b1.01650021.jpg, uploadPath: C:\Users\migue\Documents\proyectos_react\blog_react_php_copia\blog_react_php-main\api\admin/../uploads/img_68d3b4f36093b1.01650021.jpg
2025-09-24 11:08:03 upload.php - content length: 1382023
2025-09-24 11:08:03 upload.php - Archivo guardado exitosamente, imageUrl: /uploads/img_68d3b4f36093b1.01650021.jpg
2025-09-24 11:08:18 upload.php - uploadDir: C:\Users\migue\Documents\proyectos_react\blog_react_php_copia\blog_react_php-main\api\admin/../uploads/
2025-09-24 11:08:18 upload.php - FILES: {"image":{"name":"para_vaga_2.jpg","full_path":"para_vaga_2.jpg","type":"image\/jpeg","tmp_name":"C:\\xampp\\tmp\\php283F.tmp","error":0,"size":208770}}
2025-09-24 11:08:18 upload.php - fileName: para_vaga_2.jpg, fileSize: 208770, fileType: image/jpeg, fileTmpName: C:\xampp\tmp\php283F.tmp
2025-09-24 11:08:18 upload.php - newFileName: img_68d3b502e19f58.13583121.jpg, uploadPath: C:\Users\migue\Documents\proyectos_react\blog_react_php_copia\blog_react_php-main\api\admin/../uploads/img_68d3b502e19f58.13583121.jpg
2025-09-24 11:08:18 upload.php - content length: 208770
2025-09-24 11:08:18 upload.php - Archivo guardado exitosamente, imageUrl: /uploads/img_68d3b502e19f58.13583121.jpg
2025-09-24 11:15:12 upload.php - uploadDir: C:\Users\migue\Documents\proyectos_react\blog_react_php_copia\blog_react_php-main\api\admin/../uploads/
2025-09-24 11:15:12 upload.php - FILES: {"image":{"name":"fer_nieve.jpg","full_path":"fer_nieve.jpg","type":"image\/jpeg","tmp_name":"C:\\xampp\\tmp\\php76DF.tmp","error":0,"size":136665}}
2025-09-24 11:15:12 upload.php - fileName: fer_nieve.jpg, fileSize: 136665, fileType: image/jpeg, fileTmpName: C:\xampp\tmp\php76DF.tmp
2025-09-24 11:15:12 upload.php - newFileName: img_68d3b6a0407085.62844571.jpg, uploadPath: C:\Users\migue\Documents\proyectos_react\blog_react_php_copia\blog_react_php-main\api\admin/../uploads/img_68d3b6a0407085.62844571.jpg
2025-09-24 11:15:12 upload.php - content length: 136665
2025-09-24 11:15:12 upload.php - Archivo guardado exitosamente, imageUrl: /uploads/img_68d3b6a0407085.62844571.jpg
2025-09-24 11:15:20 upload.php - uploadDir: C:\Users\migue\Documents\proyectos_react\blog_react_php_copia\blog_react_php-main\api\admin/../uploads/
2025-09-24 11:15:20 upload.php - FILES: {"image":{"name":"enviar a dondominbio.png","full_path":"enviar a dondominbio.png","type":"image\/png","tmp_name":"C:\\xampp\\tmp\\php972A.tmp","error":0,"size":172902}}
2025-09-24 11:15:20 upload.php - fileName: enviar a dondominbio.png, fileSize: 172902, fileType: image/png, fileTmpName: C:\xampp\tmp\php972A.tmp
2025-09-24 11:15:20 upload.php - newFileName: img_68d3b6a880cbf4.91468773.png, uploadPath: C:\Users\migue\Documents\proyectos_react\blog_react_php_copia\blog_react_php-main\api\admin/../uploads/img_68d3b6a880cbf4.91468773.png
2025-09-24 11:15:20 upload.php - content length: 172902
2025-09-24 11:15:20 upload.php - Archivo guardado exitosamente, imageUrl: /uploads/img_68d3b6a880cbf4.91468773.png
2025-09-24 11:15:29 upload.php - uploadDir: C:\Users\migue\Documents\proyectos_react\blog_react_php_copia\blog_react_php-main\api\admin/../uploads/
2025-09-24 11:15:29 upload.php - FILES: {"image":{"name":"letras_prueba.png","full_path":"letras_prueba.png","type":"image\/png","tmp_name":"C:\\xampp\\tmp\\phpB8FB.tmp","error":0,"size":37304}}
2025-09-24 11:15:29 upload.php - fileName: letras_prueba.png, fileSize: 37304, fileType: image/png, fileTmpName: C:\xampp\tmp\phpB8FB.tmp
2025-09-24 11:15:29 upload.php - newFileName: img_68d3b6b12ba104.30719385.png, uploadPath: C:\Users\migue\Documents\proyectos_react\blog_react_php_copia\blog_react_php-main\api\admin/../uploads/img_68d3b6b12ba104.30719385.png
2025-09-24 11:15:29 upload.php - content length: 37304
2025-09-24 11:15:29 upload.php - Archivo guardado exitosamente, imageUrl: /uploads/img_68d3b6b12ba104.30719385.png
2025-09-24 11:32:32 upload.php - uploadDir: C:\Users\migue\Documents\proyectos_react\blog_react_php_copia\blog_react_php-main\api\admin/../uploads/
2025-09-24 11:32:32 upload.php - FILES: {"image":{"name":"2_malware.jpg","full_path":"2_malware.jpg","type":"image\/jpeg","tmp_name":"C:\\xampp\\tmp\\php55A1.tmp","error":0,"size":110910}}
2025-09-24 11:32:32 upload.php - fileName: 2_malware.jpg, fileSize: 110910, fileType: image/jpeg, fileTmpName: C:\xampp\tmp\php55A1.tmp
2025-09-24 11:32:32 upload.php - newFileName: img_68d3bab0506567.15954095.jpg, uploadPath: C:\Users\migue\Documents\proyectos_react\blog_react_php_copia\blog_react_php-main\api\admin/../uploads/img_68d3bab0506567.15954095.jpg
2025-09-24 11:32:32 upload.php - content length: 110910
2025-09-24 11:32:32 upload.php - Archivo guardado exitosamente, imageUrl: /uploads/img_68d3bab0506567.15954095.jpg
2025-09-24 11:42:18 upload.php - uploadDir: C:\Users\migue\Documents\proyectos_react\blog_react_php_copia\blog_react_php-main\api\admin/../uploads/
2025-09-24 11:42:18 upload.php - FILES: {"image":{"name":"auriculares_rotos_jbl_2024.jpg","full_path":"auriculares_rotos_jbl_2024.jpg","type":"image\/jpeg","tmp_name":"C:\\xampp\\tmp\\php47D1.tmp","error":0,"size":1358246}}
2025-09-24 11:42:18 upload.php - fileName: auriculares_rotos_jbl_2024.jpg, fileSize: 1358246, fileType: image/jpeg, fileTmpName: C:\xampp\tmp\php47D1.tmp
2025-09-24 11:42:18 upload.php - newFileName: img_68d3bcfa9a6b03.35627752.jpg, uploadPath: C:\Users\migue\Documents\proyectos_react\blog_react_php_copia\blog_react_php-main\api\admin/../uploads/img_68d3bcfa9a6b03.35627752.jpg
2025-09-24 11:42:18 upload.php - content length: 1358246
2025-09-24 11:42:18 upload.php - Archivo guardado exitosamente, imageUrl: /uploads/img_68d3bcfa9a6b03.35627752.jpg
2025-09-24 12:13:33 upload.php - uploadDir: C:\Users\migue\Documents\proyectos_react\blog_react_php_copia\blog_react_php-main\api\admin/../uploads/
2025-09-24 12:13:33 upload.php - FILES: {"image":{"name":"consulata_ copia.jpg","full_path":"consulata_ copia.jpg","type":"image\/jpeg","tmp_name":"C:\\xampp\\tmp\\phpE570.tmp","error":0,"size":1382023}}
2025-09-24 12:13:33 upload.php - fileName: consulata_ copia.jpg, fileSize: 1382023, fileType: image/jpeg, fileTmpName: C:\xampp\tmp\phpE570.tmp
2025-09-24 12:13:33 upload.php - newFileName: img_68d3c44df300f6.35466206.jpg, uploadPath: C:\Users\migue\Documents\proyectos_react\blog_react_php_copia\blog_react_php-main\api\admin/../uploads/img_68d3c44df300f6.35466206.jpg
2025-09-24 12:13:33 upload.php - content length: 1382023
2025-09-24 12:13:34 upload.php - Archivo guardado exitosamente, imageUrl: /uploads/img_68d3c44df300f6.35466206.jpg
2025-09-24 12:19:37 upload.php - uploadDir: C:\Users\migue\Documents\proyectos_react\blog_react_php_copia\blog_react_php-main\api\admin/../uploads/
2025-09-24 12:19:37 upload.php - FILES: {"image":{"name":"consulata_ copia.jpg","full_path":"consulata_ copia.jpg","type":"image\/jpeg","tmp_name":"C:\\xampp\\tmp\\php6FB7.tmp","error":0,"size":1382023}}
2025-09-24 12:19:37 upload.php - fileName: consulata_ copia.jpg, fileSize: 1382023, fileType: image/jpeg, fileTmpName: C:\xampp\tmp\php6FB7.tmp
2025-09-24 12:19:37 upload.php - newFileName: img_68d3c5b90ec7f5.39108261.jpg, uploadPath: C:\Users\migue\Documents\proyectos_react\blog_react_php_copia\blog_react_php-main\api\admin/../uploads/img_68d3c5b90ec7f5.39108261.jpg
2025-09-24 12:19:37 upload.php - content length: 1382023
2025-09-24 12:19:37 upload.php - Archivo guardado exitosamente, imageUrl: /uploads/img_68d3c5b90ec7f5.39108261.jpg
2025-09-24 12:24:11 upload.php - uploadDir: C:\Users\migue\Documents\proyectos_react\blog_react_php_copia\blog_react_php-main\api\admin/../uploads/
2025-09-24 12:24:11 upload.php - FILES: {"image":{"name":"playa.jpg","full_path":"playa.jpg","type":"image\/jpeg","tmp_name":"C:\\xampp\\tmp\\php9EE3.tmp","error":0,"size":765337}}
2025-09-24 12:24:11 upload.php - fileName: playa.jpg, fileSize: 765337, fileType: image/jpeg, fileTmpName: C:\xampp\tmp\php9EE3.tmp
2025-09-24 12:24:11 upload.php - newFileName: img_68d3c6cb4671a2.36033615.jpg, uploadPath: C:\Users\migue\Documents\proyectos_react\blog_react_php_copia\blog_react_php-main\api\admin/../uploads/img_68d3c6cb4671a2.36033615.jpg
2025-09-24 12:24:11 upload.php - content length: 765337
2025-09-24 12:24:11 upload.php - Archivo guardado exitosamente, imageUrl: /uploads/img_68d3c6cb4671a2.36033615.jpg
2025-09-24 12:30:47 upload.php - uploadDir: C:\Users\migue\Documents\proyectos_react\blog_react_php_copia\blog_react_php-main\api\admin/../uploads/
2025-09-24 12:30:47 upload.php - FILES: {"image":{"name":"escala.png","full_path":"escala.png","type":"image\/png","tmp_name":"C:\\xampp\\tmp\\phpA976.tmp","error":0,"size":3284078}}
2025-09-24 12:30:47 upload.php - fileName: escala.png, fileSize: 3284078, fileType: image/png, fileTmpName: C:\xampp\tmp\phpA976.tmp
2025-09-24 12:30:47 upload.php - newFileName: img_68d3c857386523.42375954.png, uploadPath: C:\Users\migue\Documents\proyectos_react\blog_react_php_copia\blog_react_php-main\api\admin/../uploads/img_68d3c857386523.42375954.png
2025-09-24 12:30:47 upload.php - content length: 3284078
2025-09-24 12:30:47 upload.php - Archivo guardado exitosamente, imageUrl: /uploads/img_68d3c857386523.42375954.png
2025-09-24 12:32:44 upload.php - uploadDir: C:\Users\migue\Documents\proyectos_react\blog_react_php_copia\blog_react_php-main\api\admin/../uploads/
2025-09-24 12:32:44 upload.php - FILES: {"image":{"name":"consulata_.jpg","full_path":"consulata_.jpg","type":"image\/jpeg","tmp_name":"C:\\xampp\\tmp\\php728F.tmp","error":0,"size":651336}}
2025-09-24 12:32:44 upload.php - fileName: consulata_.jpg, fileSize: 651336, fileType: image/jpeg, fileTmpName: C:\xampp\tmp\php728F.tmp
2025-09-24 12:32:44 upload.php - newFileName: img_68d3c8cc374cd6.47405625.jpg, uploadPath: C:\Users\migue\Documents\proyectos_react\blog_react_php_copia\blog_react_php-main\api\admin/../uploads/img_68d3c8cc374cd6.47405625.jpg
2025-09-24 12:32:44 upload.php - content length: 651336
2025-09-24 12:32:44 upload.php - Archivo guardado exitosamente, imageUrl: /uploads/img_68d3c8cc374cd6.47405625.jpg
2025-09-24 12:37:26 upload.php - uploadDir: C:\Users\migue\Documents\proyectos_react\blog_react_php_copia\blog_react_php-main\api\admin/../uploads/
2025-09-24 12:37:26 upload.php - FILES: {"image":{"name":"Captura de pantalla 2024-03-21 002719.png","full_path":"Captura de pantalla 2024-03-21 002719.png","type":"image\/png","tmp_name":"C:\\xampp\\tmp\\phpBF45.tmp","error":0,"size":2287974}}
2025-09-24 12:37:26 upload.php - fileName: Captura de pantalla 2024-03-21 002719.png, fileSize: 2287974, fileType: image/png, fileTmpName: C:\xampp\tmp\phpBF45.tmp
2025-09-24 12:37:26 upload.php - newFileName: img_68d3c9e6044313.36149272.png, uploadPath: C:\Users\migue\Documents\proyectos_react\blog_react_php_copia\blog_react_php-main\api\admin/../uploads/img_68d3c9e6044313.36149272.png
2025-09-24 12:37:26 upload.php - content length: 2287974
2025-09-24 12:37:26 upload.php - Archivo guardado exitosamente, imageUrl: /uploads/img_68d3c9e6044313.36149272.png
2025-09-24 13:02:46 upload.php - uploadDir: C:\Users\migue\Documents\proyectos_react\blog_react_php_copia\blog_react_php-main\api\admin/../uploads/
2025-09-24 13:02:46 upload.php - FILES: {"image":{"name":"auriculares_rotos_jbl_2024.jpg","full_path":"auriculares_rotos_jbl_2024.jpg","type":"image\/jpeg","tmp_name":"C:\\xampp\\tmp\\phpF395.tmp","error":0,"size":1358246}}
2025-09-24 13:02:46 upload.php - fileName: auriculares_rotos_jbl_2024.jpg, fileSize: 1358246, fileType: image/jpeg, fileTmpName: C:\xampp\tmp\phpF395.tmp
2025-09-24 13:02:46 upload.php - newFileName: img_68d3cfd6b246f4.00148191.jpg, uploadPath: C:\Users\migue\Documents\proyectos_react\blog_react_php_copia\blog_react_php-main\api\admin/../uploads/img_68d3cfd6b246f4.00148191.jpg
2025-09-24 13:02:46 upload.php - content length: 1358246
2025-09-24 13:02:46 upload.php - Archivo guardado exitosamente, imageUrl: /uploads/img_68d3cfd6b246f4.00148191.jpg
2025-09-24 13:05:29 upload.php - uploadDir: C:\Users\migue\Documents\proyectos_react\blog_react_php_copia\blog_react_php-main\api\admin/../uploads/
2025-09-24 13:05:29 upload.php - FILES: {"image":{"name":"enviar a dondominbio.png","full_path":"enviar a dondominbio.png","type":"image\/png","tmp_name":"C:\\xampp\\tmp\\php6E98.tmp","error":0,"size":172902}}
2025-09-24 13:05:29 upload.php - fileName: enviar a dondominbio.png, fileSize: 172902, fileType: image/png, fileTmpName: C:\xampp\tmp\php6E98.tmp
2025-09-24 13:05:29 upload.php - newFileName: img_68d3d079440944.30390084.png, uploadPath: C:\Users\migue\Documents\proyectos_react\blog_react_php_copia\blog_react_php-main\api\admin/../uploads/img_68d3d079440944.30390084.png
2025-09-24 13:05:29 upload.php - content length: 172902
2025-09-24 13:05:29 upload.php - Archivo guardado exitosamente, imageUrl: /uploads/img_68d3d079440944.30390084.png
2025-09-24 14:18:56 upload.php - uploadDir: C:\Users\migue\Documents\proyectos_react\blog_react_php_copia\blog_react_php-main\api\admin/../uploads/
2025-09-24 14:18:56 upload.php - FILES: {"image":{"name":"factura_auriculares_jbl.png","full_path":"factura_auriculares_jbl.png","type":"image\/png","tmp_name":"C:\\xampp\\tmp\\phpAD52.tmp","error":0,"size":223825}}
2025-09-24 14:18:56 upload.php - fileName: factura_auriculares_jbl.png, fileSize: 223825, fileType: image/png, fileTmpName: C:\xampp\tmp\phpAD52.tmp
2025-09-24 14:18:56 upload.php - newFileName: img_68d3e1b03d51f5.70665824.png, uploadPath: C:\Users\migue\Documents\proyectos_react\blog_react_php_copia\blog_react_php-main\api\admin/../uploads/img_68d3e1b03d51f5.70665824.png
2025-09-24 14:18:56 upload.php - content length: 223825
2025-09-24 14:18:56 upload.php - Archivo guardado exitosamente, imageUrl: /uploads/img_68d3e1b03d51f5.70665824.png
2025-09-24 14:32:37 upload.php - uploadDir: C:\Users\migue\Documents\proyectos_react\blog_react_php_copia\blog_react_php-main\api\admin/../uploads/
2025-09-24 14:32:37 upload.php - FILES: {"image":{"name":"factura_auriculares_jbl.png","full_path":"factura_auriculares_jbl.png","type":"image\/png","tmp_name":"C:\\xampp\\tmp\\php36AD.tmp","error":0,"size":223825}}
2025-09-24 14:32:37 upload.php - fileName: factura_auriculares_jbl.png, fileSize: 223825, fileType: image/png, fileTmpName: C:\xampp\tmp\php36AD.tmp
2025-09-24 14:32:37 upload.php - newFileName: img_68d3e4e5ce60b3.34249473.png, uploadPath: C:\Users\migue\Documents\proyectos_react\blog_react_php_copia\blog_react_php-main\api\admin/../uploads/img_68d3e4e5ce60b3.34249473.png
2025-09-24 14:32:37 upload.php - content length: 223825
2025-09-24 14:32:37 upload.php - Archivo guardado exitosamente, imageUrl: /uploads/img_68d3e4e5ce60b3.34249473.png
2025-09-24 14:33:09 upload.php - uploadDir: C:\Users\migue\Documents\proyectos_react\blog_react_php_copia\blog_react_php-main\api\admin/../uploads/
2025-09-24 14:33:09 upload.php - FILES: {"image":{"name":"letras_textura.png","full_path":"letras_textura.png","type":"image\/png","tmp_name":"C:\\xampp\\tmp\\phpB13D.tmp","error":0,"size":74129}}
2025-09-24 14:33:09 upload.php - fileName: letras_textura.png, fileSize: 74129, fileType: image/png, fileTmpName: C:\xampp\tmp\phpB13D.tmp
2025-09-24 14:33:09 upload.php - newFileName: img_68d3e50535e502.14939298.png, uploadPath: C:\Users\migue\Documents\proyectos_react\blog_react_php_copia\blog_react_php-main\api\admin/../uploads/img_68d3e50535e502.14939298.png
2025-09-24 14:33:09 upload.php - content length: 74129
2025-09-24 14:33:09 upload.php - Archivo guardado exitosamente, imageUrl: /uploads/img_68d3e50535e502.14939298.png
2025-09-24 14:42:54 upload.php - uploadDir: C:\Users\migue\Documents\proyectos_react\blog_react_php_copia\blog_react_php-main\api\admin/../uploads/
2025-09-24 14:42:54 upload.php - FILES: {"image":{"name":"consulata_.jpg","full_path":"consulata_.jpg","type":"image\/jpeg","tmp_name":"C:\\xampp\\tmp\\php9EC3.tmp","error":0,"size":651336}}
2025-09-24 14:42:54 upload.php - fileName: consulata_.jpg, fileSize: 651336, fileType: image/jpeg, fileTmpName: C:\xampp\tmp\php9EC3.tmp
2025-09-24 14:42:54 upload.php - newFileName: img_68d3e74e4afc35.30937736.jpg, uploadPath: C:\Users\migue\Documents\proyectos_react\blog_react_php_copia\blog_react_php-main\api\admin/../uploads/img_68d3e74e4afc35.30937736.jpg
2025-09-24 14:42:54 upload.php - content length: 651336
2025-09-24 14:42:54 upload.php - Archivo guardado exitosamente, imageUrl: /uploads/img_68d3e74e4afc35.30937736.jpg
2025-09-24 14:43:24 upload.php - uploadDir: C:\Users\migue\Documents\proyectos_react\blog_react_php_copia\blog_react_php-main\api\admin/../uploads/
2025-09-24 14:43:24 upload.php - FILES: {"image":{"name":"enviar a dondominbio.png","full_path":"enviar a dondominbio.png","type":"image\/png","tmp_name":"C:\\xampp\\tmp\\php15C9.tmp","error":0,"size":172902}}
2025-09-24 14:43:24 upload.php - fileName: enviar a dondominbio.png, fileSize: 172902, fileType: image/png, fileTmpName: C:\xampp\tmp\php15C9.tmp
2025-09-24 14:43:24 upload.php - newFileName: img_68d3e76cbc1258.86205713.png, uploadPath: C:\Users\migue\Documents\proyectos_react\blog_react_php_copia\blog_react_php-main\api\admin/../uploads/img_68d3e76cbc1258.86205713.png
2025-09-24 14:43:24 upload.php - content length: 172902
2025-09-24 14:43:24 upload.php - Archivo guardado exitosamente, imageUrl: /uploads/img_68d3e76cbc1258.86205713.png
2025-09-24 15:30:37 upload.php - uploadDir: C:\Users\migue\Documents\proyectos_react\blog_react_php_copia\blog_react_php-main\api\admin/../uploads/
2025-09-24 15:30:37 upload.php - FILES: {"image":{"name":"consulata_ copia.jpg","full_path":"consulata_ copia.jpg","type":"image\/jpeg","tmp_name":"C:\\xampp\\tmp\\php4E00.tmp","error":0,"size":1382023}}
2025-09-24 15:30:37 upload.php - fileName: consulata_ copia.jpg, fileSize: 1382023, fileType: image/jpeg, fileTmpName: C:\xampp\tmp\php4E00.tmp
2025-09-24 15:30:37 upload.php - newFileName: img_68d3f27d375f00.65292127.jpg, uploadPath: C:\Users\migue\Documents\proyectos_react\blog_react_php_copia\blog_react_php-main\api\admin/../uploads/img_68d3f27d375f00.65292127.jpg
2025-09-24 15:30:37 upload.php - content length: 1382023
2025-09-24 15:30:37 upload.php - Archivo guardado exitosamente, imageUrl: /uploads/img_68d3f27d375f00.65292127.jpg
2025-09-24 16:17:22 upload.php - uploadDir: C:\Users\migue\Documents\proyectos_react\blog_react_php_copia\blog_react_php-main\api\admin/../uploads/
2025-09-24 16:17:22 upload.php - FILES: {"image":{"name":"factura_auriculares_jbl.png","full_path":"factura_auriculares_jbl.png","type":"image\/png","tmp_name":"C:\\xampp\\tmp\\php1C80.tmp","error":0,"size":223825}}
2025-09-24 16:17:22 upload.php - fileName: factura_auriculares_jbl.png, fileSize: 223825, fileType: image/png, fileTmpName: C:\xampp\tmp\php1C80.tmp
2025-09-24 16:17:22 upload.php - newFileName: img_68d3fd729167c8.17882602.png, uploadPath: C:\Users\migue\Documents\proyectos_react\blog_react_php_copia\blog_react_php-main\api\admin/../uploads/img_68d3fd729167c8.17882602.png
2025-09-24 16:17:22 upload.php - content length: 223825
2025-09-24 16:17:22 upload.php - Archivo guardado exitosamente, imageUrl: /uploads/img_68d3fd729167c8.17882602.png
2025-09-24 16:17:44 upload.php - uploadDir: C:\Users\migue\Documents\proyectos_react\blog_react_php_copia\blog_react_php-main\api\admin/../uploads/
2025-09-24 16:17:44 upload.php - FILES: {"image":{"name":"plugins_borrados_wordpess_fer_joquer.png","full_path":"plugins_borrados_wordpess_fer_joquer.png","type":"image\/png","tmp_name":"C:\\xampp\\tmp\\php71C5.tmp","error":0,"size":247236}}
2025-09-24 16:17:44 upload.php - fileName: plugins_borrados_wordpess_fer_joquer.png, fileSize: 247236, fileType: image/png, fileTmpName: C:\xampp\tmp\php71C5.tmp
2025-09-24 16:17:44 upload.php - newFileName: img_68d3fd88661c36.55202938.png, uploadPath: C:\Users\migue\Documents\proyectos_react\blog_react_php_copia\blog_react_php-main\api\admin/../uploads/img_68d3fd88661c36.55202938.png
2025-09-24 16:17:44 upload.php - content length: 247236
2025-09-24 16:17:44 upload.php - Archivo guardado exitosamente, imageUrl: /uploads/img_68d3fd88661c36.55202938.png
2025-09-24 16:17:51 upload.php - uploadDir: C:\Users\migue\Documents\proyectos_react\blog_react_php_copia\blog_react_php-main\api\admin/../uploads/
2025-09-24 16:17:51 upload.php - FILES: {"image":{"name":"para_photoshop.jpg","full_path":"para_photoshop.jpg","type":"image\/jpeg","tmp_name":"C:\\xampp\\tmp\\php8F41.tmp","error":0,"size":106036}}
2025-09-24 16:17:51 upload.php - fileName: para_photoshop.jpg, fileSize: 106036, fileType: image/jpeg, fileTmpName: C:\xampp\tmp\php8F41.tmp
2025-09-24 16:17:51 upload.php - newFileName: img_68d3fd8fe9e300.89181206.jpg, uploadPath: C:\Users\migue\Documents\proyectos_react\blog_react_php_copia\blog_react_php-main\api\admin/../uploads/img_68d3fd8fe9e300.89181206.jpg
2025-09-24 16:17:51 upload.php - content length: 106036
2025-09-24 16:17:51 upload.php - Archivo guardado exitosamente, imageUrl: /uploads/img_68d3fd8fe9e300.89181206.jpg
2025-09-24 16:21:55 upload.php - uploadDir: C:\Users\migue\Documents\proyectos_react\blog_react_php_copia\blog_react_php-main\api\admin/../uploads/
2025-09-24 16:21:55 upload.php - FILES: {"image":{"name":"mama.jpg","full_path":"mama.jpg","type":"image\/jpeg","tmp_name":"C:\\xampp\\tmp\\php47B6.tmp","error":0,"size":15926}}
2025-09-24 16:21:55 upload.php - fileName: mama.jpg, fileSize: 15926, fileType: image/jpeg, fileTmpName: C:\xampp\tmp\php47B6.tmp
2025-09-24 16:21:55 upload.php - newFileName: img_68d3fe83c16df1.05828050.jpg, uploadPath: C:\Users\migue\Documents\proyectos_react\blog_react_php_copia\blog_react_php-main\api\admin/../uploads/img_68d3fe83c16df1.05828050.jpg
2025-09-24 16:21:55 upload.php - content length: 15926
2025-09-24 16:21:55 upload.php - Archivo guardado exitosamente, imageUrl: /uploads/img_68d3fe83c16df1.05828050.jpg
2025-09-24 16:29:00 upload.php - uploadDir: C:\Users\migue\Documents\proyectos_react\blog_react_php_copia\blog_react_php-main\api\admin/../uploads/
2025-09-24 16:29:00 upload.php - FILES: {"image":{"name":"para_vaga.jpg","full_path":"para_vaga.jpg","type":"image\/jpeg","tmp_name":"C:\\xampp\\tmp\\phpC1EB.tmp","error":0,"size":309900}}
2025-09-24 16:29:00 upload.php - fileName: para_vaga.jpg, fileSize: 309900, fileType: image/jpeg, fileTmpName: C:\xampp\tmp\phpC1EB.tmp
2025-09-24 16:29:00 upload.php - newFileName: img_68d4002c494be5.50836297.jpg, uploadPath: C:\Users\migue\Documents\proyectos_react\blog_react_php_copia\blog_react_php-main\api\admin/../uploads/img_68d4002c494be5.50836297.jpg
2025-09-24 16:29:00 upload.php - content length: 309900
2025-09-24 16:29:00 upload.php - Archivo guardado exitosamente, imageUrl: /uploads/img_68d4002c494be5.50836297.jpg
2025-09-24 16:36:24 upload.php - uploadDir: C:\Users\migue\Documents\proyectos_react\blog_react_php_copia\blog_react_php-main\api\admin/../uploads/
2025-09-24 16:36:24 upload.php - FILES: {"image":{"name":"swarousky.png","full_path":"swarousky.png","type":"image\/png","tmp_name":"C:\\xampp\\tmp\\php8A20.tmp","error":0,"size":139858}}
2025-09-24 16:36:24 upload.php - fileName: swarousky.png, fileSize: 139858, fileType: image/png, fileTmpName: C:\xampp\tmp\php8A20.tmp
2025-09-24 16:36:24 upload.php - newFileName: img_68d401e8bb3821.89929437.png, uploadPath: C:\Users\migue\Documents\proyectos_react\blog_react_php_copia\blog_react_php-main\api\admin/../uploads/img_68d401e8bb3821.89929437.png
2025-09-24 16:36:24 upload.php - content length: 139858
2025-09-24 16:36:24 upload.php - Archivo guardado exitosamente, imageUrl: /uploads/img_68d401e8bb3821.89929437.png
2025-09-24 16:53:16 upload.php - uploadDir: C:\Users\migue\Documents\proyectos_react\blog_react_php_copia\blog_react_php-main\api\admin/../uploads/
2025-09-24 16:53:16 upload.php - FILES: {"image":{"name":"mama.jpg","full_path":"mama.jpg","type":"image\/jpeg","tmp_name":"C:\\xampp\\tmp\\phpF86E.tmp","error":0,"size":15926}}
2025-09-24 16:53:16 upload.php - fileName: mama.jpg, fileSize: 15926, fileType: image/jpeg, fileTmpName: C:\xampp\tmp\phpF86E.tmp
2025-09-24 16:53:16 upload.php - newFileName: img_68d405dc0e7474.85553465.jpg, uploadPath: C:\Users\migue\Documents\proyectos_react\blog_react_php_copia\blog_react_php-main\api\admin/../uploads/img_68d405dc0e7474.85553465.jpg
2025-09-24 16:53:16 upload.php - content length: 15926
2025-09-24 16:53:16 upload.php - Archivo guardado exitosamente, imageUrl: /uploads/img_68d405dc0e7474.85553465.jpg
2025-09-24 16:55:09 upload.php - uploadDir: C:\Users\migue\Documents\proyectos_react\blog_react_php_copia\blog_react_php-main\api\admin/../uploads/
2025-09-24 16:55:09 upload.php - FILES: {"image":{"name":"logo_lays_para_3d.png","full_path":"logo_lays_para_3d.png","type":"image\/png","tmp_name":"C:\\xampp\\tmp\\phpB3BC.tmp","error":0,"size":53182}}
2025-09-24 16:55:09 upload.php - fileName: logo_lays_para_3d.png, fileSize: 53182, fileType: image/png, fileTmpName: C:\xampp\tmp\phpB3BC.tmp
2025-09-24 16:55:09 upload.php - newFileName: img_68d4064d8234d1.44429024.png, uploadPath: C:\Users\migue\Documents\proyectos_react\blog_react_php_copia\blog_react_php-main\api\admin/../uploads/img_68d4064d8234d1.44429024.png
2025-09-24 16:55:09 upload.php - content length: 53182
2025-09-24 16:55:09 upload.php - Archivo guardado exitosamente, imageUrl: /uploads/img_68d4064d8234d1.44429024.png
2025-09-24 16:55:18 upload.php - uploadDir: C:\Users\migue\Documents\proyectos_react\blog_react_php_copia\blog_react_php-main\api\admin/../uploads/
2025-09-24 16:55:18 upload.php - FILES: {"image":{"name":"consulata_.jpg","full_path":"consulata_.jpg","type":"image\/jpeg","tmp_name":"C:\\xampp\\tmp\\phpD7BF.tmp","error":0,"size":651336}}
2025-09-24 16:55:18 upload.php - fileName: consulata_.jpg, fileSize: 651336, fileType: image/jpeg, fileTmpName: C:\xampp\tmp\phpD7BF.tmp
2025-09-24 16:55:18 upload.php - newFileName: img_68d40656bac1e5.73885204.jpg, uploadPath: C:\Users\migue\Documents\proyectos_react\blog_react_php_copia\blog_react_php-main\api\admin/../uploads/img_68d40656bac1e5.73885204.jpg
2025-09-24 16:55:18 upload.php - content length: 651336
2025-09-24 16:55:18 upload.php - Archivo guardado exitosamente, imageUrl: /uploads/img_68d40656bac1e5.73885204.jpg
2025-09-24 17:05:25 upload.php - uploadDir: C:\Users\migue\Documents\proyectos_react\blog_react_php_copia\blog_react_php-main\api\admin/../uploads/
2025-09-24 17:05:25 upload.php - FILES: {"image":{"name":"para_vaga.jpg","full_path":"para_vaga.jpg","type":"image\/jpeg","tmp_name":"C:\\xampp\\tmp\\php19B0.tmp","error":0,"size":309900}}
2025-09-24 17:05:25 upload.php - fileName: para_vaga.jpg, fileSize: 309900, fileType: image/jpeg, fileTmpName: C:\xampp\tmp\php19B0.tmp
2025-09-24 17:05:25 upload.php - newFileName: img_68d408b5735f32.07102780.jpg, uploadPath: C:\Users\migue\Documents\proyectos_react\blog_react_php_copia\blog_react_php-main\api\admin/../uploads/img_68d408b5735f32.07102780.jpg
2025-09-24 17:05:25 upload.php - content length: 309900
2025-09-24 17:05:25 upload.php - Archivo guardado exitosamente, imageUrl: /uploads/img_68d408b5735f32.07102780.jpg
2025-09-24 17:06:04 upload.php - uploadDir: C:\Users\migue\Documents\proyectos_react\blog_react_php_copia\blog_react_php-main\api\admin/../uploads/
2025-09-24 17:06:04 upload.php - FILES: {"image":{"name":"malwarebytes.jpg","full_path":"malwarebytes.jpg","type":"image\/jpeg","tmp_name":"C:\\xampp\\tmp\\phpB17C.tmp","error":0,"size":106405}}
2025-09-24 17:06:04 upload.php - fileName: malwarebytes.jpg, fileSize: 106405, fileType: image/jpeg, fileTmpName: C:\xampp\tmp\phpB17C.tmp
2025-09-24 17:06:04 upload.php - newFileName: img_68d408dc4dd0a9.00410644.jpg, uploadPath: C:\Users\migue\Documents\proyectos_react\blog_react_php_copia\blog_react_php-main\api\admin/../uploads/img_68d408dc4dd0a9.00410644.jpg
2025-09-24 17:06:04 upload.php - content length: 106405
2025-09-24 17:06:04 upload.php - Archivo guardado exitosamente, imageUrl: /uploads/img_68d408dc4dd0a9.00410644.jpg
2025-09-24 17:06:45 upload.php - uploadDir: C:\Users\migue\Documents\proyectos_react\blog_react_php_copia\blog_react_php-main\api\admin/../uploads/
2025-09-24 17:06:45 upload.php - FILES: {"image":{"name":"yfhrg.jpg","full_path":"yfhrg.jpg","type":"image\/jpeg","tmp_name":"C:\\xampp\\tmp\\php50AB.tmp","error":0,"size":400954}}
2025-09-24 17:06:45 upload.php - fileName: yfhrg.jpg, fileSize: 400954, fileType: image/jpeg, fileTmpName: C:\xampp\tmp\php50AB.tmp
2025-09-24 17:06:45 upload.php - newFileName: img_68d40905141b94.71627337.jpg, uploadPath: C:\Users\migue\Documents\proyectos_react\blog_react_php_copia\blog_react_php-main\api\admin/../uploads/img_68d40905141b94.71627337.jpg
2025-09-24 17:06:45 upload.php - content length: 400954
2025-09-24 17:06:45 upload.php - Archivo guardado exitosamente, imageUrl: /uploads/img_68d40905141b94.71627337.jpg
2025-09-24 17:21:54 upload.php - uploadDir: C:\Users\migue\Documents\proyectos_react\blog_react_php_copia\blog_react_php-main\api\admin/../uploads/
2025-09-24 17:21:54 upload.php - FILES: {"image":{"name":"para_vaga_2.jpg","full_path":"para_vaga_2.jpg","type":"image\/jpeg","tmp_name":"C:\\xampp\\tmp\\php303F.tmp","error":0,"size":208770}}
2025-09-24 17:21:54 upload.php - fileName: para_vaga_2.jpg, fileSize: 208770, fileType: image/jpeg, fileTmpName: C:\xampp\tmp\php303F.tmp
2025-09-24 17:21:54 upload.php - newFileName: img_68d40c92459a70.20448665.jpg, uploadPath: C:\Users\migue\Documents\proyectos_react\blog_react_php_copia\blog_react_php-main\api\admin/../uploads/img_68d40c92459a70.20448665.jpg
2025-09-24 17:21:54 upload.php - content length: 208770
2025-09-24 17:21:54 upload.php - Archivo guardado exitosamente, imageUrl: /uploads/img_68d40c92459a70.20448665.jpg
2025-09-24 17:24:02 upload.php - uploadDir: C:\Users\migue\Documents\proyectos_react\blog_react_php_copia\blog_react_php-main\api\admin/../uploads/
2025-09-24 17:24:02 upload.php - FILES: {"image":{"name":"artes_marciales.png","full_path":"artes_marciales.png","type":"image\/png","tmp_name":"C:\\xampp\\tmp\\php24CD.tmp","error":0,"size":66291}}
2025-09-24 17:24:02 upload.php - fileName: artes_marciales.png, fileSize: 66291, fileType: image/png, fileTmpName: C:\xampp\tmp\php24CD.tmp
2025-09-24 17:24:02 upload.php - newFileName: img_68d40d1265cef3.23585108.png, uploadPath: C:\Users\migue\Documents\proyectos_react\blog_react_php_copia\blog_react_php-main\api\admin/../uploads/img_68d40d1265cef3.23585108.png
2025-09-24 17:24:02 upload.php - content length: 66291
2025-09-24 17:24:02 upload.php - Archivo guardado exitosamente, imageUrl: /uploads/img_68d40d1265cef3.23585108.png
2025-09-24 17:24:23 upload.php - uploadDir: C:\Users\migue\Documents\proyectos_react\blog_react_php_copia\blog_react_php-main\api\admin/../uploads/
2025-09-24 17:24:23 upload.php - FILES: {"image":{"name":"tertertertertertert.png","full_path":"tertertertertertert.png","type":"image\/png","tmp_name":"C:\\xampp\\tmp\\php76A7.tmp","error":0,"size":4366651}}
2025-09-24 17:24:23 upload.php - fileName: tertertertertertert.png, fileSize: 4366651, fileType: image/png, fileTmpName: C:\xampp\tmp\php76A7.tmp
2025-09-24 17:24:23 upload.php - newFileName: img_68d40d2764afc8.32378661.png, uploadPath: C:\Users\migue\Documents\proyectos_react\blog_react_php_copia\blog_react_php-main\api\admin/../uploads/img_68d40d2764afc8.32378661.png
2025-09-24 17:24:23 upload.php - content length: 4366651
2025-09-24 17:24:23 upload.php - Archivo guardado exitosamente, imageUrl: /uploads/img_68d40d2764afc8.32378661.png
2025-09-24 17:25:43 upload.php - uploadDir: C:\Users\migue\Documents\proyectos_react\blog_react_php_copia\blog_react_php-main\api\admin/../uploads/
2025-09-24 17:25:43 upload.php - FILES: {"image":{"name":"logo_lays_para_3d.png","full_path":"logo_lays_para_3d.png","type":"image\/png","tmp_name":"C:\\xampp\\tmp\\phpAE0F.tmp","error":0,"size":53182}}
2025-09-24 17:25:43 upload.php - fileName: logo_lays_para_3d.png, fileSize: 53182, fileType: image/png, fileTmpName: C:\xampp\tmp\phpAE0F.tmp
2025-09-24 17:25:43 upload.php - newFileName: img_68d40d7714c8c2.70406806.png, uploadPath: C:\Users\migue\Documents\proyectos_react\blog_react_php_copia\blog_react_php-main\api\admin/../uploads/img_68d40d7714c8c2.70406806.png
2025-09-24 17:25:43 upload.php - content length: 53182
2025-09-24 17:25:43 upload.php - Archivo guardado exitosamente, imageUrl: /uploads/img_68d40d7714c8c2.70406806.png
2025-09-24 17:26:19 upload.php - uploadDir: C:\Users\migue\Documents\proyectos_react\blog_react_php_copia\blog_react_php-main\api\admin/../uploads/
2025-09-24 17:26:19 upload.php - FILES: {"image":{"name":"artes_marciales.png","full_path":"artes_marciales.png","type":"image\/png","tmp_name":"C:\\xampp\\tmp\\php3B0D.tmp","error":0,"size":66291}}
2025-09-24 17:26:19 upload.php - fileName: artes_marciales.png, fileSize: 66291, fileType: image/png, fileTmpName: C:\xampp\tmp\php3B0D.tmp
2025-09-24 17:26:19 upload.php - newFileName: img_68d40d9b2ddeb9.14019355.png, uploadPath: C:\Users\migue\Documents\proyectos_react\blog_react_php_copia\blog_react_php-main\api\admin/../uploads/img_68d40d9b2ddeb9.14019355.png
2025-09-24 17:26:19 upload.php - content length: 66291
2025-09-24 17:26:19 upload.php - Archivo guardado exitosamente, imageUrl: /uploads/img_68d40d9b2ddeb9.14019355.png
2025-09-24 17:26:33 upload.php - uploadDir: C:\Users\migue\Documents\proyectos_react\blog_react_php_copia\blog_react_php-main\api\admin/../uploads/
2025-09-24 17:26:33 upload.php - FILES: {"image":{"name":"playa.jpg","full_path":"playa.jpg","type":"image\/jpeg","tmp_name":"C:\\xampp\\tmp\\php7299.tmp","error":0,"size":765337}}
2025-09-24 17:26:33 upload.php - fileName: playa.jpg, fileSize: 765337, fileType: image/jpeg, fileTmpName: C:\xampp\tmp\php7299.tmp
2025-09-24 17:26:33 upload.php - newFileName: img_68d40da961d017.16736983.jpg, uploadPath: C:\Users\migue\Documents\proyectos_react\blog_react_php_copia\blog_react_php-main\api\admin/../uploads/img_68d40da961d017.16736983.jpg
2025-09-24 17:26:33 upload.php - content length: 765337
2025-09-24 17:26:33 upload.php - Archivo guardado exitosamente, imageUrl: /uploads/img_68d40da961d017.16736983.jpg
2025-09-24 17:26:41 upload.php - uploadDir: C:\Users\migue\Documents\proyectos_react\blog_react_php_copia\blog_react_php-main\api\admin/../uploads/
2025-09-24 17:26:41 upload.php - FILES: {"image":{"name":"fer_para_veo_2_prompt.jpg","full_path":"fer_para_veo_2_prompt.jpg","type":"image\/jpeg","tmp_name":"C:\\xampp\\tmp\\php911F.tmp","error":0,"size":489396}}
2025-09-24 17:26:41 upload.php - fileName: fer_para_veo_2_prompt.jpg, fileSize: 489396, fileType: image/jpeg, fileTmpName: C:\xampp\tmp\php911F.tmp
2025-09-24 17:26:41 upload.php - newFileName: img_68d40db136d762.22430968.jpg, uploadPath: C:\Users\migue\Documents\proyectos_react\blog_react_php_copia\blog_react_php-main\api\admin/../uploads/img_68d40db136d762.22430968.jpg
2025-09-24 17:26:41 upload.php - content length: 489396
2025-09-24 17:26:41 upload.php - Archivo guardado exitosamente, imageUrl: /uploads/img_68d40db136d762.22430968.jpg
2025-09-24 17:26:51 upload.php - uploadDir: C:\Users\migue\Documents\proyectos_react\blog_react_php_copia\blog_react_php-main\api\admin/../uploads/
2025-09-24 17:26:51 upload.php - FILES: {"image":{"name":"yfhrg.jpg","full_path":"yfhrg.jpg","type":"image\/jpeg","tmp_name":"C:\\xampp\\tmp\\phpBAB0.tmp","error":0,"size":400954}}
2025-09-24 17:26:51 upload.php - fileName: yfhrg.jpg, fileSize: 400954, fileType: image/jpeg, fileTmpName: C:\xampp\tmp\phpBAB0.tmp
2025-09-24 17:26:51 upload.php - newFileName: img_68d40dbbcfeba4.31537554.jpg, uploadPath: C:\Users\migue\Documents\proyectos_react\blog_react_php_copia\blog_react_php-main\api\admin/../uploads/img_68d40dbbcfeba4.31537554.jpg
2025-09-24 17:26:51 upload.php - content length: 400954
2025-09-24 17:26:51 upload.php - Archivo guardado exitosamente, imageUrl: /uploads/img_68d40dbbcfeba4.31537554.jpg
2025-09-24 17:27:24 upload.php - uploadDir: C:\Users\migue\Documents\proyectos_react\blog_react_php_copia\blog_react_php-main\api\admin/../uploads/
2025-09-24 17:27:24 upload.php - FILES: {"image":{"name":"yfhrg.jpg","full_path":"yfhrg.jpg","type":"image\/jpeg","tmp_name":"C:\\xampp\\tmp\\php3919.tmp","error":0,"size":400954}}
2025-09-24 17:27:24 upload.php - fileName: yfhrg.jpg, fileSize: 400954, fileType: image/jpeg, fileTmpName: C:\xampp\tmp\php3919.tmp
2025-09-24 17:27:24 upload.php - newFileName: img_68d40ddc362103.85430164.jpg, uploadPath: C:\Users\migue\Documents\proyectos_react\blog_react_php_copia\blog_react_php-main\api\admin/../uploads/img_68d40ddc362103.85430164.jpg
2025-09-24 17:27:24 upload.php - content length: 400954
2025-09-24 17:27:24 upload.php - Archivo guardado exitosamente, imageUrl: /uploads/img_68d40ddc362103.85430164.jpg
2025-09-24 17:27:43 upload.php - uploadDir: C:\Users\migue\Documents\proyectos_react\blog_react_php_copia\blog_react_php-main\api\admin/../uploads/
2025-09-24 17:27:43 upload.php - FILES: {"image":{"name":"instagram_miguel_photoshop.jpg","full_path":"instagram_miguel_photoshop.jpg","type":"image\/jpeg","tmp_name":"C:\\xampp\\tmp\\php846B.tmp","error":0,"size":263948}}
2025-09-24 17:27:43 upload.php - fileName: instagram_miguel_photoshop.jpg, fileSize: 263948, fileType: image/jpeg, fileTmpName: C:\xampp\tmp\php846B.tmp
2025-09-24 17:27:43 upload.php - newFileName: img_68d40def79ff28.81091175.jpg, uploadPath: C:\Users\migue\Documents\proyectos_react\blog_react_php_copia\blog_react_php-main\api\admin/../uploads/img_68d40def79ff28.81091175.jpg
2025-09-24 17:27:43 upload.php - content length: 263948
2025-09-24 17:27:43 upload.php - Archivo guardado exitosamente, imageUrl: /uploads/img_68d40def79ff28.81091175.jpg
2025-09-24 17:29:39 upload.php - uploadDir: C:\Users\migue\Documents\proyectos_react\blog_react_php_copia\blog_react_php-main\api\admin/../uploads/
2025-09-24 17:29:39 upload.php - FILES: {"image":{"name":"sergio.jpg","full_path":"sergio.jpg","type":"image\/jpeg","tmp_name":"C:\\xampp\\tmp\\php496D.tmp","error":0,"size":871603}}
2025-09-24 17:29:39 upload.php - fileName: sergio.jpg, fileSize: 871603, fileType: image/jpeg, fileTmpName: C:\xampp\tmp\php496D.tmp
2025-09-24 17:29:39 upload.php - newFileName: img_68d40e6372f2c5.73749887.jpg, uploadPath: C:\Users\migue\Documents\proyectos_react\blog_react_php_copia\blog_react_php-main\api\admin/../uploads/img_68d40e6372f2c5.73749887.jpg
2025-09-24 17:29:39 upload.php - content length: 871603
2025-09-24 17:29:39 upload.php - Archivo guardado exitosamente, imageUrl: /uploads/img_68d40e6372f2c5.73749887.jpg
2025-09-24 17:31:54 upload.php - uploadDir: C:\Users\migue\Documents\proyectos_react\blog_react_php_copia\blog_react_php-main\api\admin/../uploads/
2025-09-24 17:31:54 upload.php - FILES: {"image":{"name":"tertertertertertert.png","full_path":"tertertertertertert.png","type":"image\/png","tmp_name":"C:\\xampp\\tmp\\php575E.tmp","error":0,"size":4366651}}
2025-09-24 17:31:54 upload.php - fileName: tertertertertertert.png, fileSize: 4366651, fileType: image/png, fileTmpName: C:\xampp\tmp\php575E.tmp
2025-09-24 17:31:54 upload.php - newFileName: img_68d40eea23d375.80679525.png, uploadPath: C:\Users\migue\Documents\proyectos_react\blog_react_php_copia\blog_react_php-main\api\admin/../uploads/img_68d40eea23d375.80679525.png
2025-09-24 17:31:54 upload.php - content length: 4366651
2025-09-24 17:31:54 upload.php - Archivo guardado exitosamente, imageUrl: /uploads/img_68d40eea23d375.80679525.png
2025-09-24 17:34:55 upload.php - uploadDir: C:\Users\migue\Documents\proyectos_react\blog_react_php_copia\blog_react_php-main\api\admin/../uploads/
2025-09-24 17:34:55 upload.php - FILES: {"image":{"name":"enviar a dondominbio.png","full_path":"enviar a dondominbio.png","type":"image\/png","tmp_name":"C:\\xampp\\tmp\\php1B13.tmp","error":0,"size":172902}}
2025-09-24 17:34:55 upload.php - fileName: enviar a dondominbio.png, fileSize: 172902, fileType: image/png, fileTmpName: C:\xampp\tmp\php1B13.tmp
2025-09-24 17:34:55 upload.php - newFileName: img_68d40f9f482146.55264766.png, uploadPath: C:\Users\migue\Documents\proyectos_react\blog_react_php_copia\blog_react_php-main\api\admin/../uploads/img_68d40f9f482146.55264766.png
2025-09-24 17:34:55 upload.php - content length: 172902
2025-09-24 17:34:55 upload.php - Archivo guardado exitosamente, imageUrl: /uploads/img_68d40f9f482146.55264766.png
2025-09-24 17:36:45 upload.php - uploadDir: C:\Users\migue\Documents\proyectos_react\blog_react_php_copia\blog_react_php-main\api\admin/../uploads/
2025-09-24 17:36:45 upload.php - FILES: {"image":{"name":"plugins_que_hay_que _volver_a_poner.png","full_path":"plugins_que_hay_que _volver_a_poner.png","type":"image\/png","tmp_name":"C:\\xampp\\tmp\\phpC886.tmp","error":0,"size":252253}}
2025-09-24 17:36:45 upload.php - fileName: plugins_que_hay_que _volver_a_poner.png, fileSize: 252253, fileType: image/png, fileTmpName: C:\xampp\tmp\phpC886.tmp
2025-09-24 17:36:45 upload.php - newFileName: img_68d4100d3644c5.45986414.png, uploadPath: C:\Users\migue\Documents\proyectos_react\blog_react_php_copia\blog_react_php-main\api\admin/../uploads/img_68d4100d3644c5.45986414.png
2025-09-24 17:36:45 upload.php - content length: 252253
2025-09-24 17:36:45 upload.php - Archivo guardado exitosamente, imageUrl: /uploads/img_68d4100d3644c5.45986414.png
2025-09-24 17:37:16 upload.php - uploadDir: C:\Users\migue\Documents\proyectos_react\blog_react_php_copia\blog_react_php-main\api\admin/../uploads/
2025-09-24 17:37:16 upload.php - FILES: {"image":{"name":"Virtualthreads.png","full_path":"Virtualthreads.png","type":"image\/png","tmp_name":"C:\\xampp\\tmp\\php43B2.tmp","error":0,"size":1563252}}
2025-09-24 17:37:16 upload.php - fileName: Virtualthreads.png, fileSize: 1563252, fileType: image/png, fileTmpName: C:\xampp\tmp\php43B2.tmp
2025-09-24 17:37:16 upload.php - newFileName: img_68d4102cb8b9f5.34917229.png, uploadPath: C:\Users\migue\Documents\proyectos_react\blog_react_php_copia\blog_react_php-main\api\admin/../uploads/img_68d4102cb8b9f5.34917229.png
2025-09-24 17:37:16 upload.php - content length: 1563252
2025-09-24 17:37:16 upload.php - Archivo guardado exitosamente, imageUrl: /uploads/img_68d4102cb8b9f5.34917229.png
2025-09-24 17:41:44 upload.php - uploadDir: C:\Users\migue\Documents\proyectos_react\blog_react_php_copia\blog_react_php-main\api\admin/../uploads/
2025-09-24 17:41:44 upload.php - FILES: {"image":{"name":"tertertertertertert.png","full_path":"tertertertertertert.png","type":"image\/png","tmp_name":"C:\\xampp\\tmp\\php595A.tmp","error":0,"size":4366651}}
2025-09-24 17:41:44 upload.php - fileName: tertertertertertert.png, fileSize: 4366651, fileType: image/png, fileTmpName: C:\xampp\tmp\php595A.tmp
2025-09-24 17:41:44 upload.php - newFileName: img_68d41138745478.06182937.png, uploadPath: C:\Users\migue\Documents\proyectos_react\blog_react_php_copia\blog_react_php-main\api\admin/../uploads/img_68d41138745478.06182937.png
2025-09-24 17:41:44 upload.php - content length: 4366651
2025-09-24 17:41:44 upload.php - Archivo guardado exitosamente, imageUrl: /uploads/img_68d41138745478.06182937.png
2025-09-24 17:42:19 upload.php - uploadDir: C:\Users\migue\Documents\proyectos_react\blog_react_php_copia\blog_react_php-main\api\admin/../uploads/
2025-09-24 17:42:19 upload.php - FILES: {"image":{"name":"consulata_ copia.jpg","full_path":"consulata_ copia.jpg","type":"image\/jpeg","tmp_name":"C:\\xampp\\tmp\\phpE06D.tmp","error":0,"size":1382023}}
2025-09-24 17:42:19 upload.php - fileName: consulata_ copia.jpg, fileSize: 1382023, fileType: image/jpeg, fileTmpName: C:\xampp\tmp\phpE06D.tmp
2025-09-24 17:42:19 upload.php - newFileName: img_68d4115b04fa49.38899869.jpg, uploadPath: C:\Users\migue\Documents\proyectos_react\blog_react_php_copia\blog_react_php-main\api\admin/../uploads/img_68d4115b04fa49.38899869.jpg
2025-09-24 17:42:19 upload.php - content length: 1382023
2025-09-24 17:42:19 upload.php - Archivo guardado exitosamente, imageUrl: /uploads/img_68d4115b04fa49.38899869.jpg
2025-09-24 17:43:43 upload.php - uploadDir: C:\Users\migue\Documents\proyectos_react\blog_react_php_copia\blog_react_php-main\api\admin/../uploads/
2025-09-24 17:43:43 upload.php - FILES: {"image":{"name":"malwarebytes.jpg","full_path":"malwarebytes.jpg","type":"image\/jpeg","tmp_name":"C:\\xampp\\tmp\\php29E6.tmp","error":0,"size":106405}}
2025-09-24 17:43:43 upload.php - fileName: malwarebytes.jpg, fileSize: 106405, fileType: image/jpeg, fileTmpName: C:\xampp\tmp\php29E6.tmp
2025-09-24 17:43:43 upload.php - newFileName: img_68d411af565aa5.33954361.jpg, uploadPath: C:\Users\migue\Documents\proyectos_react\blog_react_php_copia\blog_react_php-main\api\admin/../uploads/img_68d411af565aa5.33954361.jpg
2025-09-24 17:43:43 upload.php - content length: 106405
2025-09-24 17:43:43 upload.php - Archivo guardado exitosamente, imageUrl: /uploads/img_68d411af565aa5.33954361.jpg
2025-09-24 17:45:06 upload.php - uploadDir: C:\Users\migue\Documents\proyectos_react\blog_react_php_copia\blog_react_php-main\api\admin/../uploads/
2025-09-24 17:45:06 upload.php - FILES: {"image":{"name":"logo_chicago.webp","full_path":"logo_chicago.webp","type":"image\/webp","tmp_name":"C:\\xampp\\tmp\\php6D54.tmp","error":0,"size":550032}}
2025-09-24 17:45:06 upload.php - fileName: logo_chicago.webp, fileSize: 550032, fileType: image/webp, fileTmpName: C:\xampp\tmp\php6D54.tmp
2025-09-24 17:45:06 upload.php - newFileName: img_68d41202264581.67926905.webp, uploadPath: C:\Users\migue\Documents\proyectos_react\blog_react_php_copia\blog_react_php-main\api\admin/../uploads/img_68d41202264581.67926905.webp
2025-09-24 17:45:06 upload.php - content length: 550032
2025-09-24 17:45:06 upload.php - Archivo guardado exitosamente, imageUrl: /uploads/img_68d41202264581.67926905.webp
2025-09-24 17:48:12 upload.php - uploadDir: C:\Users\migue\Documents\proyectos_react\blog_react_php_copia\blog_react_php-main\api\admin/../uploads/
2025-09-24 17:48:12 upload.php - FILES: {"image":{"name":"sergio.jpg","full_path":"sergio.jpg","type":"image\/jpeg","tmp_name":"C:\\xampp\\tmp\\php45C9.tmp","error":0,"size":871603}}
2025-09-24 17:48:12 upload.php - fileName: sergio.jpg, fileSize: 871603, fileType: image/jpeg, fileTmpName: C:\xampp\tmp\php45C9.tmp
2025-09-24 17:48:12 upload.php - newFileName: img_68d412bc9db9b5.81236524.jpg, uploadPath: C:\Users\migue\Documents\proyectos_react\blog_react_php_copia\blog_react_php-main\api\admin/../uploads/img_68d412bc9db9b5.81236524.jpg
2025-09-24 17:48:12 upload.php - content length: 871603
2025-09-24 17:48:12 upload.php - Archivo guardado exitosamente, imageUrl: /uploads/img_68d412bc9db9b5.81236524.jpg
2025-09-24 17:49:05 upload.php - uploadDir: C:\Users\migue\Documents\proyectos_react\blog_react_php_copia\blog_react_php-main\api\admin/../uploads/
2025-09-24 17:49:05 upload.php - FILES: {"image":{"name":"auriculares_rotos_jbl_2024.jpg","full_path":"auriculares_rotos_jbl_2024.jpg","type":"image\/jpeg","tmp_name":"C:\\xampp\\tmp\\php13AA.tmp","error":0,"size":1358246}}
2025-09-24 17:49:05 upload.php - fileName: auriculares_rotos_jbl_2024.jpg, fileSize: 1358246, fileType: image/jpeg, fileTmpName: C:\xampp\tmp\php13AA.tmp
2025-09-24 17:49:05 upload.php - newFileName: img_68d412f15660e8.84270401.jpg, uploadPath: C:\Users\migue\Documents\proyectos_react\blog_react_php_copia\blog_react_php-main\api\admin/../uploads/img_68d412f15660e8.84270401.jpg
2025-09-24 17:49:05 upload.php - content length: 1358246
2025-09-24 17:49:05 upload.php - Archivo guardado exitosamente, imageUrl: /uploads/img_68d412f15660e8.84270401.jpg
2025-09-24 17:53:00 upload.php - uploadDir: C:\Users\migue\Documents\proyectos_react\blog_react_php_copia\blog_react_php-main\api\admin/../uploads/
2025-09-24 17:53:00 upload.php - FILES: {"image":{"name":"playa.jpg","full_path":"playa.jpg","type":"image\/jpeg","tmp_name":"C:\\xampp\\tmp\\phpABA6.tmp","error":0,"size":765337}}
2025-09-24 17:53:00 upload.php - fileName: playa.jpg, fileSize: 765337, fileType: image/jpeg, fileTmpName: C:\xampp\tmp\phpABA6.tmp
2025-09-24 17:53:00 upload.php - newFileName: img_68d413dcd30970.44425808.jpg, uploadPath: C:\Users\migue\Documents\proyectos_react\blog_react_php_copia\blog_react_php-main\api\admin/../uploads/img_68d413dcd30970.44425808.jpg
2025-09-24 17:53:00 upload.php - content length: 765337
2025-09-24 17:53:00 upload.php - Archivo guardado exitosamente, imageUrl: /uploads/img_68d413dcd30970.44425808.jpg
2025-09-24 17:53:09 upload.php - uploadDir: C:\Users\migue\Documents\proyectos_react\blog_react_php_copia\blog_react_php-main\api\admin/../uploads/
2025-09-24 17:53:09 upload.php - FILES: {"image":{"name":"tertertertertertert.png","full_path":"tertertertertertert.png","type":"image\/png","tmp_name":"C:\\xampp\\tmp\\phpCEB0.tmp","error":0,"size":4366651}}
2025-09-24 17:53:09 upload.php - fileName: tertertertertertert.png, fileSize: 4366651, fileType: image/png, fileTmpName: C:\xampp\tmp\phpCEB0.tmp
2025-09-24 17:53:09 upload.php - newFileName: img_68d413e5d1c244.97777487.png, uploadPath: C:\Users\migue\Documents\proyectos_react\blog_react_php_copia\blog_react_php-main\api\admin/../uploads/img_68d413e5d1c244.97777487.png
2025-09-24 17:53:09 upload.php - content length: 4366651
2025-09-24 17:53:09 upload.php - Archivo guardado exitosamente, imageUrl: /uploads/img_68d413e5d1c244.97777487.png
2025-09-24 17:56:27 upload.php - uploadDir: C:\Users\migue\Documents\proyectos_react\blog_react_php_copia\blog_react_php-main\api\admin/../uploads/
2025-09-24 17:56:27 upload.php - FILES: {"image":{"name":"silueta_ana_2.png","full_path":"silueta_ana_2.png","type":"image\/png","tmp_name":"C:\\xampp\\tmp\\phpD1C0.tmp","error":0,"size":6601}}
2025-09-24 17:56:27 upload.php - fileName: silueta_ana_2.png, fileSize: 6601, fileType: image/png, fileTmpName: C:\xampp\tmp\phpD1C0.tmp
2025-09-24 17:56:27 upload.php - newFileName: img_68d414ab330fb6.05261509.png, uploadPath: C:\Users\migue\Documents\proyectos_react\blog_react_php_copia\blog_react_php-main\api\admin/../uploads/img_68d414ab330fb6.05261509.png
2025-09-24 17:56:27 upload.php - content length: 6601
2025-09-24 17:56:27 upload.php - Archivo guardado exitosamente, imageUrl: /uploads/img_68d414ab330fb6.05261509.png
2025-09-24 18:01:36 upload.php - uploadDir: C:\Users\migue\Documents\proyectos_react\blog_react_php_copia\blog_react_php-main\api\admin/../uploads/
2025-09-24 18:01:36 upload.php - FILES: {"image":{"name":"logo_chicago_editado.png","full_path":"logo_chicago_editado.png","type":"image\/png","tmp_name":"C:\\xampp\\tmp\\php88A9.tmp","error":0,"size":594290}}
2025-09-24 18:01:36 upload.php - fileName: logo_chicago_editado.png, fileSize: 594290, fileType: image/png, fileTmpName: C:\xampp\tmp\php88A9.tmp
2025-09-24 18:01:36 upload.php - newFileName: img_68d415e02e3165.69007973.png, uploadPath: C:\Users\migue\Documents\proyectos_react\blog_react_php_copia\blog_react_php-main\api\admin/../uploads/img_68d415e02e3165.69007973.png
2025-09-24 18:01:36 upload.php - content length: 594290
2025-09-24 18:01:36 upload.php - Archivo guardado exitosamente, imageUrl: /uploads/img_68d415e02e3165.69007973.png
2025-09-24 18:07:52 upload.php - uploadDir: C:\Users\migue\Documents\proyectos_react\blog_react_php_copia\blog_react_php-main\api\admin/../uploads/
2025-09-24 18:07:52 upload.php - FILES: {"image":{"name":"playa_2.jpg","full_path":"playa_2.jpg","type":"image\/jpeg","tmp_name":"C:\\xampp\\tmp\\php47EB.tmp","error":0,"size":14169}}
2025-09-24 18:07:52 upload.php - fileName: playa_2.jpg, fileSize: 14169, fileType: image/jpeg, fileTmpName: C:\xampp\tmp\php47EB.tmp
2025-09-24 18:07:52 upload.php - newFileName: img_68d41758c842a2.84232211.jpg, uploadPath: C:\Users\migue\Documents\proyectos_react\blog_react_php_copia\blog_react_php-main\api\admin/../uploads/img_68d41758c842a2.84232211.jpg
2025-09-24 18:07:52 upload.php - content length: 14169
2025-09-24 18:07:52 upload.php - Archivo guardado exitosamente, imageUrl: /uploads/img_68d41758c842a2.84232211.jpg
2025-09-24 18:10:33 upload.php - uploadDir: C:\Users\migue\Documents\proyectos_react\blog_react_php_copia\blog_react_php-main\api\admin/../uploads/
2025-09-24 18:10:33 upload.php - FILES: {"image":{"name":"plugins_borrados_wordpess_fer_joquer.png","full_path":"plugins_borrados_wordpess_fer_joquer.png","type":"image\/png","tmp_name":"C:\\xampp\\tmp\\phpB9E6.tmp","error":0,"size":247236}}
2025-09-24 18:10:33 upload.php - fileName: plugins_borrados_wordpess_fer_joquer.png, fileSize: 247236, fileType: image/png, fileTmpName: C:\xampp\tmp\phpB9E6.tmp
2025-09-24 18:10:33 upload.php - newFileName: img_68d417f9126fe0.87334006.png, uploadPath: C:\Users\migue\Documents\proyectos_react\blog_react_php_copia\blog_react_php-main\api\admin/../uploads/img_68d417f9126fe0.87334006.png
2025-09-24 18:10:33 upload.php - content length: 247236
2025-09-24 18:10:33 upload.php - Archivo guardado exitosamente, imageUrl: /uploads/img_68d417f9126fe0.87334006.png
2025-09-24 18:23:25 upload.php - uploadDir: C:\Users\migue\Documents\proyectos_react\blog_react_php_copia\blog_react_php-main\api\admin/../uploads/
2025-09-24 18:23:25 upload.php - FILES: {"image":{"name":"escala.png","full_path":"escala.png","type":"image\/png","tmp_name":"C:\\xampp\\tmp\\php8158.tmp","error":0,"size":3284078}}
2025-09-24 18:23:25 upload.php - fileName: escala.png, fileSize: 3284078, fileType: image/png, fileTmpName: C:\xampp\tmp\php8158.tmp
2025-09-24 18:23:25 upload.php - newFileName: img_68d41afd0d52b9.04355245.png, uploadPath: C:\Users\migue\Documents\proyectos_react\blog_react_php_copia\blog_react_php-main\api\admin/../uploads/img_68d41afd0d52b9.04355245.png
2025-09-24 18:23:25 upload.php - content length: 3284078
2025-09-24 18:23:25 upload.php - Archivo guardado exitosamente, imageUrl: /uploads/img_68d41afd0d52b9.04355245.png
2025-09-24 18:50:15 upload.php - uploadDir: C:\Users\migue\Documents\proyectos_react\blog_react_php_copia\blog_react_php-main\api\admin/../uploads/
2025-09-24 18:50:15 upload.php - FILES: {"image":{"name":"instagram_miguel_photoshop.jpg","full_path":"instagram_miguel_photoshop.jpg","type":"image\/jpeg","tmp_name":"C:\\xampp\\tmp\\phpF4C.tmp","error":0,"size":263948}}
2025-09-24 18:50:15 upload.php - fileName: instagram_miguel_photoshop.jpg, fileSize: 263948, fileType: image/jpeg, fileTmpName: C:\xampp\tmp\phpF4C.tmp
2025-09-24 18:50:15 upload.php - newFileName: img_68d42147779801.83293949.jpg, uploadPath: C:\Users\migue\Documents\proyectos_react\blog_react_php_copia\blog_react_php-main\api\admin/../uploads/img_68d42147779801.83293949.jpg
2025-09-24 18:50:15 upload.php - content length: 263948
2025-09-24 18:50:15 upload.php - Archivo guardado exitosamente, imageUrl: /uploads/img_68d42147779801.83293949.jpg
2025-09-24 18:58:27 upload.php - uploadDir: C:\Users\migue\Documents\proyectos_react\blog_react_php_copia\blog_react_php-main\api\admin/../uploads/
2025-09-24 18:58:27 upload.php - FILES: {"image":{"name":"instagram_miguel_photoshop_editada.jpg","full_path":"instagram_miguel_photoshop_editada.jpg","type":"image\/jpeg","tmp_name":"C:\\xampp\\tmp\\php9033.tmp","error":0,"size":940579}}
2025-09-24 18:58:27 upload.php - fileName: instagram_miguel_photoshop_editada.jpg, fileSize: 940579, fileType: image/jpeg, fileTmpName: C:\xampp\tmp\php9033.tmp
2025-09-24 18:58:27 upload.php - newFileName: img_68d423333beb83.65133600.jpg, uploadPath: C:\Users\migue\Documents\proyectos_react\blog_react_php_copia\blog_react_php-main\api\admin/../uploads/img_68d423333beb83.65133600.jpg
2025-09-24 18:58:27 upload.php - content length: 940579
2025-09-24 18:58:27 upload.php - Archivo guardado exitosamente, imageUrl: /uploads/img_68d423333beb83.65133600.jpg
2025-09-24 19:25:01 upload.php - uploadDir: C:\Users\migue\Documents\proyectos_react\blog_react_php_copia\blog_react_php-main\api\admin/../uploads/
2025-09-24 19:25:01 upload.php - FILES: {"image":{"name":"fer_para_veo_2_prompt.jpg","full_path":"fer_para_veo_2_prompt.jpg","type":"image\/jpeg","tmp_name":"C:\\xampp\\tmp\\phpE380.tmp","error":0,"size":489396}}
2025-09-24 19:25:01 upload.php - fileName: fer_para_veo_2_prompt.jpg, fileSize: 489396, fileType: image/jpeg, fileTmpName: C:\xampp\tmp\phpE380.tmp
2025-09-24 19:25:01 upload.php - newFileName: img_68d4296d6c2fe6.28693248.jpg, uploadPath: C:\Users\migue\Documents\proyectos_react\blog_react_php_copia\blog_react_php-main\api\admin/../uploads/img_68d4296d6c2fe6.28693248.jpg
2025-09-24 19:25:01 upload.php - content length: 489396
2025-09-24 19:25:01 upload.php - Archivo guardado exitosamente, imageUrl: /uploads/img_68d4296d6c2fe6.28693248.jpg
2025-09-24 22:28:10 upload.php - uploadDir: C:\Users\migue\Documents\proyectos_react\blog_react_php_copia\blog_react_php-main\api\admin/../uploads/
2025-09-24 22:28:10 upload.php - FILES: {"image":{"name":"auriculares_rotos_jbl_2024.jpg","full_path":"auriculares_rotos_jbl_2024.jpg","type":"image\/jpeg","tmp_name":"C:\\xampp\\tmp\\phpCAAD.tmp","error":0,"size":1358246}}
2025-09-24 22:28:10 upload.php - fileName: auriculares_rotos_jbl_2024.jpg, fileSize: 1358246, fileType: image/jpeg, fileTmpName: C:\xampp\tmp\phpCAAD.tmp
2025-09-24 22:28:10 upload.php - newFileName: img_68d4545ac08249.44654536.jpg, uploadPath: C:\Users\migue\Documents\proyectos_react\blog_react_php_copia\blog_react_php-main\api\admin/../uploads/img_68d4545ac08249.44654536.jpg
2025-09-24 22:28:10 upload.php - content length: 1358246
2025-09-24 22:28:10 upload.php - Archivo guardado exitosamente, imageUrl: /uploads/img_68d4545ac08249.44654536.jpg
2025-09-25 17:52:37 upload.php - uploadDir: C:\Users\migue\Documents\proyectos_react\blog_react_php_copia\blog_react_php-main\api\admin/../uploads/
2025-09-25 17:52:37 upload.php - FILES: {"image":{"name":"instagram_miguel_photoshop.jpg","full_path":"instagram_miguel_photoshop.jpg","type":"image\/jpeg","tmp_name":"C:\\xampp\\tmp\\php1A59.tmp","error":0,"size":263948}}
2025-09-25 17:52:37 upload.php - fileName: instagram_miguel_photoshop.jpg, fileSize: 263948, fileType: image/jpeg, fileTmpName: C:\xampp\tmp\php1A59.tmp
2025-09-25 17:52:37 upload.php - newFileName: img_68d5654545aa31.03807119.jpg, uploadPath: C:\Users\migue\Documents\proyectos_react\blog_react_php_copia\blog_react_php-main\api\admin/../uploads/img_68d5654545aa31.03807119.jpg
2025-09-25 17:52:37 upload.php - content length: 263948
2025-09-25 17:52:37 upload.php - Archivo guardado exitosamente, imageUrl: /uploads/img_68d5654545aa31.03807119.jpg
